<?xml version="1.0" encoding="UTF-8"?>
<testsuite xmlns:xsi="http://www.w3.org/2001/XMLSchema-instance" xsi:noNamespaceSchemaLocation="https://maven.apache.org/surefire/maven-surefire-plugin/xsd/surefire-test-report-3.0.xsd" version="3.0" name="com.epam.training.ticketservice.presentation.handler.RoomCommandHandlerTest" time="0.383" tests="13" errors="0" skipped="0" failures="0">
  <properties>
[...]
</properties>
  <testcase name="testDeleteRoomReturnErrorWhenAdminIsNotSignedIn" classname="com.epam.training.ticketservice.presentation.handler.RoomCommandHandlerTest" time="0.242"/>
  <testcase name="testUpdateRoomWhenAdminIsSignedIn" classname="com.epam.training.ticketservice.presentation.handler.RoomCommandHandlerTest" time="0.01"/>
  <testcase name="testUpdateRoomShouldReturnExceptionWhenRoomIsNotExist" classname="com.epam.training.ticketservice.presentation.handler.RoomCommandHandlerTest" time="0.018"/>
  <testcase name="testDeleteRoomShouldReturnRoomNotFoundException" classname="com.epam.training.ticketservice.presentation.handler.RoomCommandHandlerTest" time="0.01"/>
  <testcase name="testCreateRoomShouldReturnExceptionWhenRoomColumnsOrRowsIsInvalid" classname="com.epam.training.ticketservice.presentation.handler.RoomCommandHandlerTest" time="0.02"/>
  <testcase name="testCreateRoomReturnErrorWhenAdminIsNotSignedIn" classname="com.epam.training.ticketservice.presentation.handler.RoomCommandHandlerTest" time="0.011"/>
  <testcase name="testCreateRoomWhenAdminIsSignedIn" classname="com.epam.training.ticketservice.presentation.handler.RoomCommandHandlerTest" time="0.01"/>
  <testcase name="testListRoomsShouldReturnListOfRooms" classname="com.epam.training.ticketservice.presentation.handler.RoomCommandHandlerTest" time="0.02"/>
  <testcase name="testUpdateRoomShouldReturnExceptionWhenRowsOrColumnsIsInvalid" classname="com.epam.training.ticketservice.presentation.handler.RoomCommandHandlerTest" time="0.01"/>
  <testcase name="testListRoomsShouldReturnEmptyRoomListMessage" classname="com.epam.training.ticketservice.presentation.handler.RoomCommandHandlerTest" time="0.008"/>
  <testcase name="testCreateRoomShouldReturnExceptionWhenRoomAlreadyExists" classname="com.epam.training.ticketservice.presentation.handler.RoomCommandHandlerTest" time="0"/>
  <testcase name="testUpdateRoomReturnErrorWhenAdminIsNotSignedIn" classname="com.epam.training.ticketservice.presentation.handler.RoomCommandHandlerTest" time="0.01"/>
  <testcase name="testDeleteRoomWhenAdminIsSignedIn" classname="com.epam.training.ticketservice.presentation.handler.RoomCommandHandlerTest" time="0"/>
</testsuite>